TN:
SF:src/modules/auth/account.service.ts
FN:11,(anonymous_4)
FN:18,(anonymous_5)
FN:24,(anonymous_6)
FN:26,(anonymous_7)
FN:27,(anonymous_8)
FN:29,(anonymous_9)
FN:42,(anonymous_10)
FN:71,(anonymous_11)
FNF:8
FNH:7
FNDA:2,(anonymous_4)
FNDA:2,(anonymous_5)
FNDA:3,(anonymous_6)
FNDA:3,(anonymous_7)
FNDA:3,(anonymous_8)
FNDA:2,(anonymous_9)
FNDA:0,(anonymous_10)
FNDA:2,(anonymous_11)
DA:1,2
DA:2,2
DA:3,2
DA:4,2
DA:5,2
DA:8,2
DA:9,2
DA:13,2
DA:14,2
DA:15,2
DA:19,2
DA:24,3
DA:25,2
DA:26,3
DA:27,3
DA:29,2
DA:30,2
DA:31,2
DA:35,2
DA:38,2
DA:42,2
DA:44,2
DA:45,0
DA:49,0
DA:53,0
DA:58,2
DA:61,2
DA:65,2
DA:68,2
DA:72,2
DA:73,2
DA:74,2
DA:76,1
LF:33
LH:30
BRDA:30,0,0,2
BRDA:30,0,1,0
BRDA:44,1,0,0
BRDA:44,1,1,2
BRDA:13,2,0,2
BRDA:13,2,1,0
BRDA:13,3,0,2
BRDA:13,3,1,2
BRDA:13,4,0,2
BRDA:13,4,1,0
BRDA:13,5,0,2
BRDA:13,5,1,2
BRDA:14,6,0,2
BRDA:14,6,1,0
BRDA:14,7,0,2
BRDA:14,7,1,2
BRF:16
BRH:11
end_of_record
TN:
SF:src/modules/auth/auth.controller.ts
FN:34,(anonymous_4)
FN:42,(anonymous_5)
FN:50,(anonymous_6)
FN:58,(anonymous_7)
FN:66,(anonymous_8)
FN:74,(anonymous_9)
FN:82,(anonymous_10)
FN:91,(anonymous_11)
FN:100,(anonymous_12)
FNF:9
FNH:7
FNDA:6,(anonymous_4)
FNDA:1,(anonymous_5)
FNDA:1,(anonymous_6)
FNDA:1,(anonymous_7)
FNDA:1,(anonymous_8)
FNDA:1,(anonymous_9)
FNDA:1,(anonymous_10)
FNDA:0,(anonymous_11)
FNDA:0,(anonymous_12)
DA:1,1
DA:12,1
DA:18,1
DA:20,1
DA:21,1
DA:22,1
DA:23,1
DA:24,1
DA:25,1
DA:26,1
DA:27,1
DA:33,1
DA:35,6
DA:36,6
DA:42,1
DA:43,1
DA:50,1
DA:51,1
DA:58,1
DA:59,1
DA:66,1
DA:67,1
DA:74,1
DA:75,1
DA:82,1
DA:83,1
DA:91,1
DA:92,0
DA:100,1
DA:101,0
LF:30
LH:28
BRDA:42,0,0,1
BRDA:42,0,1,0
BRDA:42,1,0,1
BRDA:42,1,1,1
BRDA:42,2,0,1
BRDA:42,2,1,0
BRDA:42,3,0,1
BRDA:42,3,1,1
BRDA:50,4,0,1
BRDA:50,4,1,0
BRDA:50,5,0,1
BRDA:50,5,1,1
BRDA:50,6,0,1
BRDA:50,6,1,0
BRDA:50,7,0,1
BRDA:50,7,1,1
BRDA:58,8,0,1
BRDA:58,8,1,0
BRDA:58,9,0,1
BRDA:58,9,1,1
BRDA:58,10,0,1
BRDA:58,10,1,0
BRDA:58,11,0,1
BRDA:58,11,1,1
BRDA:66,12,0,0
BRDA:66,12,1,1
BRDA:66,13,0,1
BRDA:66,13,1,0
BRDA:66,14,0,1
BRDA:66,14,1,0
BRDA:66,15,0,1
BRDA:66,15,1,1
BRDA:74,16,0,0
BRDA:74,16,1,1
BRDA:74,17,0,1
BRDA:74,17,1,0
BRDA:74,18,0,1
BRDA:74,18,1,0
BRDA:74,19,0,1
BRDA:74,19,1,1
BRDA:82,20,0,0
BRDA:82,20,1,1
BRDA:82,21,0,1
BRDA:82,21,1,0
BRDA:82,22,0,1
BRDA:82,22,1,0
BRDA:82,23,0,1
BRDA:82,23,1,1
BRDA:91,24,0,0
BRDA:91,24,1,1
BRDA:91,25,0,1
BRDA:91,25,1,0
BRDA:91,26,0,1
BRDA:91,26,1,0
BRDA:91,27,0,1
BRDA:91,27,1,1
BRDA:100,28,0,0
BRDA:100,28,1,1
BRDA:100,29,0,1
BRDA:100,29,1,0
BRDA:100,30,0,1
BRDA:100,30,1,0
BRDA:100,31,0,1
BRDA:100,31,1,1
BRDA:35,32,0,1
BRDA:35,32,1,0
BRDA:35,33,0,1
BRDA:35,33,1,1
BRDA:35,34,0,1
BRDA:35,34,1,0
BRDA:35,35,0,1
BRDA:35,35,1,1
BRF:72
BRH:49
end_of_record
TN:
SF:src/modules/auth/auth.service.ts
FN:23,(anonymous_13)
FN:31,(anonymous_14)
FN:67,(anonymous_15)
FN:86,(anonymous_16)
FN:107,(anonymous_17)
FN:111,(anonymous_18)
FN:116,(anonymous_19)
FN:121,(anonymous_20)
FN:136,(anonymous_21)
FN:149,(anonymous_22)
FN:169,(anonymous_23)
FN:179,(anonymous_24)
FNF:12
FNH:9
FNDA:12,(anonymous_13)
FNDA:5,(anonymous_14)
FNDA:3,(anonymous_15)
FNDA:3,(anonymous_16)
FNDA:1,(anonymous_17)
FNDA:0,(anonymous_18)
FNDA:0,(anonymous_19)
FNDA:0,(anonymous_20)
FNDA:4,(anonymous_21)
FNDA:4,(anonymous_22)
FNDA:3,(anonymous_23)
FNDA:7,(anonymous_24)
DA:1,2
DA:7,2
DA:8,2
DA:9,2
DA:10,2
DA:11,2
DA:12,2
DA:17,2
DA:19,2
DA:22,2
DA:25,12
DA:26,12
DA:27,12
DA:28,12
DA:32,5
DA:34,5
DA:35,1
DA:38,4
DA:40,4
DA:41,1
DA:44,3
DA:46,3
DA:47,1
DA:52,2
DA:53,2
DA:62,2
DA:64,2
DA:68,3
DA:73,3
DA:74,1
DA:77,2
DA:79,2
DA:80,1
DA:83,1
DA:87,3
DA:89,2
DA:94,2
DA:95,0
DA:98,2
DA:100,2
DA:101,1
DA:104,1
DA:108,1
DA:112,0
DA:113,0
DA:117,0
DA:118,0
DA:123,0
DA:125,0
DA:137,4
DA:138,4
DA:139,4
DA:140,4
DA:142,4
DA:143,0
DA:146,4
DA:150,4
DA:155,4
DA:163,4
DA:164,4
DA:166,4
DA:170,3
DA:171,3
DA:175,1
DA:180,7
LF:65
LH:57
BRDA:34,0,0,1
BRDA:34,0,1,4
BRDA:40,1,0,1
BRDA:40,1,1,3
BRDA:46,2,0,1
BRDA:46,2,1,2
BRDA:46,3,0,3
BRDA:46,3,1,2
BRDA:46,3,2,1
BRDA:59,4,0,1
BRDA:59,4,1,1
BRDA:60,5,0,1
BRDA:60,5,1,1
BRDA:73,6,0,1
BRDA:73,6,1,2
BRDA:79,7,0,1
BRDA:79,7,1,1
BRDA:94,8,0,0
BRDA:94,8,1,2
BRDA:94,9,0,2
BRDA:94,9,1,2
BRDA:100,10,0,1
BRDA:100,10,1,1
BRDA:142,11,0,0
BRDA:142,11,1,4
BRDA:142,12,0,4
BRDA:142,12,1,4
BRDA:142,12,2,0
BRDA:181,13,0,7
BRDA:181,13,1,0
BRDA:25,14,0,2
BRDA:25,14,1,0
BRDA:25,15,0,2
BRDA:25,15,1,2
BRDA:25,16,0,2
BRDA:25,16,1,0
BRDA:25,17,0,2
BRDA:25,17,1,2
BRDA:26,18,0,2
BRDA:26,18,1,0
BRDA:26,19,0,2
BRDA:26,19,1,2
BRDA:27,20,0,2
BRDA:27,20,1,0
BRDA:27,21,0,2
BRDA:27,21,1,2
BRF:46
BRH:38
end_of_record
TN:
SF:src/modules/auth/jwt-auth.guard.ts
FNF:0
FNH:0
DA:1,5
DA:2,5
DA:5,5
LF:3
LH:3
BRF:0
BRH:0
end_of_record
TN:
SF:src/modules/auth/jwt.strategy.ts
FN:8,(anonymous_2)
FN:15,(anonymous_3)
FNF:2
FNH:2
FNDA:1,(anonymous_2)
FNDA:1,(anonymous_3)
DA:1,1
DA:2,1
DA:3,1
DA:4,1
DA:7,1
DA:9,1
DA:16,1
LF:7
LH:7
BRDA:8,0,0,1
BRDA:8,0,1,0
BRDA:8,1,0,1
BRDA:8,1,1,1
BRF:4
BRH:3
end_of_record
TN:
SF:src/modules/auth/subscription.service.ts
FN:22,(anonymous_4)
FN:27,(anonymous_5)
FN:37,(anonymous_6)
FN:52,(anonymous_7)
FN:58,(anonymous_8)
FN:75,(anonymous_9)
FN:95,(anonymous_10)
FNF:7
FNH:7
FNDA:8,(anonymous_4)
FNDA:7,(anonymous_5)
FNDA:3,(anonymous_6)
FNDA:1,(anonymous_7)
FNDA:1,(anonymous_8)
FNDA:8,(anonymous_9)
FNDA:7,(anonymous_10)
DA:1,5
DA:7,5
DA:8,5
DA:9,5
DA:11,5
DA:12,5
DA:21,5
DA:24,8
DA:28,7
DA:29,7
DA:30,7
DA:34,7
DA:38,3
DA:40,3
DA:41,2
DA:53,1
DA:54,1
DA:55,1
DA:59,1
DA:61,1
DA:62,0
DA:65,1
DA:67,1
DA:68,1
DA:69,1
DA:72,1
DA:76,8
DA:78,8
DA:79,0
DA:82,8
DA:83,8
DA:84,8
DA:86,8
DA:87,2
DA:88,2
DA:89,2
DA:92,8
DA:96,7
DA:97,2
DA:100,5
DA:101,5
DA:103,5
DA:104,4
DA:107,1
LF:44
LH:42
BRDA:40,0,0,2
BRDA:40,0,1,1
BRDA:61,1,0,0
BRDA:61,1,1,1
BRDA:67,2,0,1
BRDA:67,2,1,0
BRDA:78,3,0,0
BRDA:78,3,1,8
BRDA:86,4,0,2
BRDA:86,4,1,6
BRDA:96,5,0,2
BRDA:96,5,1,5
BRDA:103,6,0,4
BRDA:103,6,1,1
BRDA:24,7,0,5
BRDA:24,7,1,0
BRDA:24,8,0,5
BRDA:24,8,1,5
BRF:18
BRH:14
end_of_record
TN:
SF:src/modules/document/document.controller.ts
FN:34,(anonymous_4)
FN:50,(anonymous_5)
FNF:2
FNH:2
FNDA:2,(anonymous_4)
FNDA:2,(anonymous_5)
DA:1,1
DA:12,1
DA:13,1
DA:15,1
DA:22,1
DA:23,1
DA:24,1
DA:25,1
DA:33,1
DA:34,2
DA:50,1
DA:55,2
LF:12
LH:12
BRDA:51,0,0,0
BRDA:51,0,1,1
BRDA:51,1,0,1
BRDA:51,1,1,0
BRDA:51,2,0,1
BRDA:51,2,1,0
BRDA:51,3,0,1
BRDA:51,3,1,1
BRDA:52,4,0,0
BRDA:52,4,1,1
BRDA:52,5,0,1
BRDA:52,5,1,0
BRDA:52,5,2,0
BRDA:54,6,0,1
BRDA:54,6,1,0
BRDA:54,7,0,1
BRDA:54,7,1,1
BRDA:34,8,0,1
BRDA:34,8,1,0
BRDA:34,9,0,1
BRDA:34,9,1,1
BRF:21
BRH:13
end_of_record
TN:
SF:src/modules/document/document.service.ts
FN:50,(anonymous_4)
FN:56,(anonymous_5)
FN:88,(anonymous_6)
FN:108,(anonymous_7)
FN:115,(anonymous_8)
FN:119,(anonymous_9)
FNF:6
FNH:6
FNDA:5,(anonymous_4)
FNDA:5,(anonymous_5)
FNDA:5,(anonymous_6)
FNDA:3,(anonymous_7)
FNDA:4,(anonymous_8)
FNDA:3,(anonymous_9)
DA:1,2
DA:2,2
DA:3,2
DA:4,2
DA:5,2
DA:6,2
DA:7,2
DA:19,2
DA:29,2
DA:47,2
DA:48,5
DA:51,5
DA:53,5
DA:61,5
DA:62,4
DA:66,4
DA:70,4
DA:71,1
DA:72,1
DA:80,3
DA:81,3
DA:85,3
DA:92,5
DA:93,1
DA:94,1
DA:95,1
DA:96,1
DA:99,4
DA:100,1
DA:105,3
DA:109,3
DA:110,3
DA:111,3
DA:112,3
DA:116,4
DA:123,3
DA:124,3
DA:125,3
DA:128,3
DA:129,3
LF:40
LH:40
BRDA:70,0,0,1
BRDA:70,0,1,3
BRDA:92,1,0,1
BRDA:92,1,1,4
BRDA:99,2,0,1
BRDA:99,2,1,3
BRDA:124,3,0,3
BRDA:124,3,1,0
BRDA:125,4,0,3
BRDA:125,4,1,0
BRDA:51,5,0,2
BRDA:51,5,1,0
BRDA:51,6,0,2
BRDA:51,6,1,2
BRDA:51,7,0,2
BRDA:51,7,1,0
BRDA:51,8,0,2
BRDA:51,8,1,2
BRF:18
BRH:14
end_of_record
TN:
SF:src/modules/document/mistral.service.ts
FN:19,(anonymous_1)
FN:27,(anonymous_2)
FN:36,(anonymous_3)
FN:63,(anonymous_4)
FNF:4
FNH:3
FNDA:4,(anonymous_1)
FNDA:1,(anonymous_2)
FNDA:0,(anonymous_3)
FNDA:2,(anonymous_4)
DA:1,3
DA:6,3
DA:8,3
DA:9,3
DA:12,3
DA:13,4
DA:14,4
DA:17,4
DA:20,4
DA:22,4
DA:28,1
DA:29,1
DA:31,1
DA:32,0
DA:33,0
DA:36,0
DA:37,0
DA:43,1
DA:44,0
DA:49,1
DA:52,3
DA:54,3
DA:55,1
DA:58,1
DA:61,2
DA:63,2
LF:26
LH:21
BRDA:19,0,0,4
BRDA:28,1,0,1
BRDA:28,1,1,0
BRDA:29,2,0,1
BRDA:29,2,1,1
BRDA:31,3,0,0
BRDA:31,3,1,1
BRDA:31,4,0,1
BRDA:31,4,1,0
BRDA:43,5,0,0
BRDA:43,5,1,1
BRDA:54,6,0,1
BRDA:54,6,1,2
BRDA:61,7,0,1
BRDA:61,7,1,1
BRDA:63,8,0,2
BRDA:63,8,1,0
BRF:17
BRH:12
end_of_record
TN:
SF:src/modules/friendship/friendship.controller.ts
FN:35,(anonymous_4)
FN:39,(anonymous_5)
FN:44,(anonymous_6)
FN:55,(anonymous_7)
FN:63,(anonymous_8)
FN:68,(anonymous_9)
FN:73,(anonymous_10)
FN:79,(anonymous_11)
FNF:8
FNH:8
FNDA:1,(anonymous_4)
FNDA:1,(anonymous_5)
FNDA:1,(anonymous_6)
FNDA:1,(anonymous_7)
FNDA:1,(anonymous_8)
FNDA:1,(anonymous_9)
FNDA:1,(anonymous_10)
FNDA:1,(anonymous_11)
DA:1,1
DA:15,1
DA:22,1
DA:23,1
DA:24,1
DA:25,1
DA:26,1
DA:34,1
DA:35,1
DA:39,1
DA:40,1
DA:44,1
DA:49,1
DA:55,1
DA:59,1
DA:63,1
DA:64,1
DA:68,1
DA:69,1
DA:73,1
DA:74,1
DA:79,1
DA:80,1
LF:23
LH:23
BRDA:39,0,0,1
BRDA:39,0,1,0
BRDA:39,1,0,1
BRDA:39,1,1,1
BRDA:39,2,0,0
BRDA:39,2,1,1
BRDA:39,3,0,1
BRDA:39,3,1,0
BRDA:46,4,0,1
BRDA:46,4,1,0
BRDA:46,5,0,1
BRDA:46,5,1,1
BRDA:46,6,0,0
BRDA:46,6,1,1
BRDA:46,7,0,1
BRDA:46,7,1,0
BRDA:57,8,0,0
BRDA:57,8,1,1
BRDA:57,9,0,1
BRDA:57,9,1,0
BRDA:58,10,0,1
BRDA:58,10,1,0
BRDA:58,11,0,1
BRDA:58,11,1,1
BRDA:63,12,0,0
BRDA:63,12,1,1
BRDA:63,13,0,1
BRDA:63,13,1,0
BRDA:68,14,0,0
BRDA:68,14,1,1
BRDA:68,15,0,1
BRDA:68,15,1,0
BRDA:73,16,0,0
BRDA:73,16,1,1
BRDA:73,17,0,1
BRDA:73,17,1,0
BRDA:79,18,0,0
BRDA:79,18,1,1
BRDA:79,19,0,1
BRDA:79,19,1,0
BRDA:35,20,0,1
BRDA:35,20,1,0
BRDA:35,21,0,1
BRDA:35,21,1,1
BRF:44
BRH:26
end_of_record
TN:
SF:src/modules/friendship/friendship.service.ts
FN:17,(anonymous_4)
FN:24,(anonymous_5)
FN:43,(anonymous_6)
FN:54,(anonymous_7)
FN:60,(anonymous_8)
FN:82,(anonymous_9)
FN:120,(anonymous_10)
FN:150,(anonymous_11)
FN:159,(anonymous_12)
FN:168,(anonymous_13)
FN:175,(anonymous_14)
FN:182,(anonymous_15)
FN:201,(anonymous_16)
FNF:13
FNH:7
FNDA:11,(anonymous_4)
FNDA:4,(anonymous_5)
FNDA:3,(anonymous_6)
FNDA:3,(anonymous_7)
FNDA:3,(anonymous_8)
FNDA:3,(anonymous_9)
FNDA:4,(anonymous_10)
FNDA:0,(anonymous_11)
FNDA:0,(anonymous_12)
FNDA:0,(anonymous_13)
FNDA:0,(anonymous_14)
FNDA:0,(anonymous_15)
FNDA:0,(anonymous_16)
DA:1,4
DA:7,4
DA:8,4
DA:9,4
DA:10,4
DA:16,4
DA:19,11
DA:21,11
DA:28,4
DA:30,4
DA:31,1
DA:34,3
DA:39,3
DA:43,3
DA:59,3
DA:61,3
DA:67,3
DA:68,0
DA:71,3
DA:72,1
DA:75,2
DA:76,1
DA:79,1
DA:86,3
DA:87,1
DA:92,2
DA:94,2
DA:95,0
DA:98,2
DA:105,2
DA:106,1
DA:111,1
DA:125,4
DA:127,4
DA:128,1
DA:131,3
DA:132,1
DA:135,2
DA:136,0
DA:141,2
DA:142,1
DA:145,1
DA:147,1
DA:151,0
DA:159,0
DA:160,0
DA:161,0
DA:164,0
DA:169,0
DA:176,0
DA:183,0
DA:198,0
DA:202,0
DA:204,0
DA:205,0
DA:209,0
DA:211,0
DA:212,0
DA:215,0
DA:216,0
DA:219,0
LF:61
LH:40
BRDA:30,0,0,1
BRDA:30,0,1,3
BRDA:61,1,0,3
BRDA:61,1,1,1
BRDA:61,1,2,2
BRDA:61,1,3,2
BRDA:67,2,0,0
BRDA:67,2,1,3
BRDA:71,3,0,1
BRDA:71,3,1,2
BRDA:75,4,0,1
BRDA:75,4,1,1
BRDA:86,5,0,1
BRDA:86,5,1,2
BRDA:94,6,0,0
BRDA:94,6,1,2
BRDA:105,7,0,1
BRDA:105,7,1,1
BRDA:127,8,0,1
BRDA:127,8,1,3
BRDA:131,9,0,1
BRDA:131,9,1,2
BRDA:135,10,0,0
BRDA:135,10,1,2
BRDA:141,11,0,1
BRDA:141,11,1,1
BRDA:160,12,0,0
BRDA:160,12,1,0
BRDA:204,13,0,0
BRDA:204,13,1,0
BRDA:209,14,0,0
BRDA:209,14,1,0
BRDA:211,15,0,0
BRDA:211,15,1,0
BRDA:215,16,0,0
BRDA:215,16,1,0
BRDA:19,17,0,4
BRDA:19,17,1,0
BRDA:19,18,0,4
BRDA:19,18,1,4
BRDA:19,19,0,4
BRDA:19,19,1,0
BRDA:19,20,0,4
BRDA:19,20,1,4
BRF:44
BRH:29
end_of_record
TN:
SF:src/modules/health/health.controller.ts
FN:12,(anonymous_2)
FN:19,(anonymous_3)
FN:20,(anonymous_4)
FNF:3
FNH:2
FNDA:1,(anonymous_2)
FNDA:1,(anonymous_3)
FNDA:0,(anonymous_4)
DA:1,1
DA:2,1
DA:3,1
DA:11,1
DA:13,1
DA:14,1
DA:19,1
DA:20,1
LF:8
LH:8
BRDA:13,0,0,1
BRDA:13,0,1,0
BRDA:13,1,0,1
BRDA:13,1,1,1
BRDA:13,2,0,1
BRDA:13,2,1,0
BRDA:13,3,0,1
BRDA:13,3,1,1
BRF:8
BRH:6
end_of_record
TN:
SF:src/modules/music/kie-webhook.guard.ts
FN:12,(anonymous_2)
FN:14,(anonymous_3)
FNF:2
FNH:2
FNDA:3,(anonymous_2)
FNDA:3,(anonymous_3)
DA:1,2
DA:7,2
DA:11,2
DA:12,3
DA:15,3
DA:17,3
DA:18,1
DA:21,2
DA:22,2
DA:24,2
DA:25,1
DA:28,1
LF:12
LH:12
BRDA:17,0,0,1
BRDA:17,0,1,2
BRDA:24,1,0,1
BRDA:24,1,1,1
BRDA:12,2,0,2
BRDA:12,2,1,0
BRDA:12,3,0,2
BRDA:12,3,1,2
BRF:8
BRH:7
end_of_record
TN:
SF:src/modules/music/music.controller.ts
FN:38,(anonymous_4)
FN:43,(anonymous_5)
FN:52,(anonymous_6)
FN:65,(anonymous_7)
FN:80,(anonymous_8)
FN:87,(anonymous_9)
FN:94,(anonymous_10)
FN:106,(anonymous_11)
FN:116,(anonymous_12)
FN:134,(anonymous_13)
FNF:10
FNH:9
FNDA:4,(anonymous_4)
FNDA:0,(anonymous_5)
FNDA:1,(anonymous_6)
FNDA:1,(anonymous_7)
FNDA:1,(anonymous_8)
FNDA:1,(anonymous_9)
FNDA:1,(anonymous_10)
FNDA:1,(anonymous_11)
FNDA:1,(anonymous_12)
FNDA:1,(anonymous_13)
DA:1,1
DA:16,1
DA:24,1
DA:25,1
DA:26,1
DA:27,1
DA:28,1
DA:29,1
DA:30,1
DA:31,1
DA:37,1
DA:38,4
DA:43,1
DA:44,0
DA:52,1
DA:56,1
DA:65,1
DA:70,1
DA:80,1
DA:81,1
DA:87,1
DA:88,1
DA:94,1
DA:99,1
DA:106,1
DA:110,1
DA:116,1
DA:120,1
DA:124,1
DA:134,1
DA:138,1
LF:31
LH:30
BRDA:67,0,0,0
BRDA:68,1,0,0
BRDA:53,2,0,1
BRDA:53,2,1,0
BRDA:53,3,0,1
BRDA:53,3,1,1
BRDA:53,4,0,0
BRDA:53,4,1,1
BRDA:53,5,0,1
BRDA:53,5,1,0
BRDA:55,6,0,1
BRDA:55,6,1,0
BRDA:55,7,0,1
BRDA:55,7,1,1
BRDA:66,8,0,0
BRDA:66,8,1,1
BRDA:66,9,0,1
BRDA:66,9,1,0
BRDA:69,10,0,1
BRDA:69,10,1,0
BRDA:69,11,0,1
BRDA:69,11,1,1
BRDA:80,12,0,0
BRDA:80,12,1,1
BRDA:80,13,0,1
BRDA:80,13,1,0
BRDA:87,14,0,0
BRDA:87,14,1,1
BRDA:87,15,0,1
BRDA:87,15,1,0
BRDA:96,16,0,1
BRDA:96,16,1,0
BRDA:96,17,0,1
BRDA:96,17,1,1
BRDA:96,18,0,0
BRDA:96,18,1,1
BRDA:96,19,0,1
BRDA:96,19,1,0
BRDA:108,20,0,0
BRDA:108,20,1,1
BRDA:108,21,0,1
BRDA:108,21,1,0
BRDA:109,22,0,1
BRDA:109,22,1,0
BRDA:109,23,0,1
BRDA:109,23,1,1
BRDA:118,24,0,0
BRDA:118,24,1,1
BRDA:118,25,0,1
BRDA:118,25,1,0
BRDA:119,26,0,1
BRDA:119,26,1,0
BRDA:119,27,0,1
BRDA:119,27,1,1
BRDA:136,28,0,0
BRDA:136,28,1,1
BRDA:136,29,0,1
BRDA:136,29,1,0
BRDA:137,30,0,1
BRDA:137,30,1,0
BRDA:137,31,0,1
BRDA:137,31,1,1
BRDA:38,32,0,1
BRDA:38,32,1,0
BRDA:38,33,0,1
BRDA:38,33,1,1
BRF:66
BRH:40
end_of_record
TN:
SF:src/modules/music/music.service.ts
FN:25,(anonymous_4)
FN:36,(anonymous_5)
FN:54,(anonymous_6)
FN:91,(anonymous_7)
FN:147,(anonymous_8)
FN:162,(anonymous_9)
FN:176,(anonymous_10)
FN:198,(anonymous_11)
FN:213,(anonymous_12)
FN:232,(anonymous_13)
FN:246,(anonymous_14)
FN:273,(anonymous_15)
FN:283,(anonymous_16)
FN:289,(anonymous_17)
FNF:14
FNH:10
FNDA:11,(anonymous_4)
FNDA:1,(anonymous_5)
FNDA:2,(anonymous_6)
FNDA:2,(anonymous_7)
FNDA:0,(anonymous_8)
FNDA:6,(anonymous_9)
FNDA:0,(anonymous_10)
FNDA:1,(anonymous_11)
FNDA:0,(anonymous_12)
FNDA:2,(anonymous_13)
FNDA:1,(anonymous_14)
FNDA:1,(anonymous_15)
FNDA:1,(anonymous_16)
FNDA:0,(anonymous_17)
DA:1,2
DA:9,2
DA:10,2
DA:12,2
DA:14,2
DA:15,2
DA:16,2
DA:19,2
DA:22,2
DA:23,11
DA:27,11
DA:29,11
DA:31,11
DA:32,11
DA:33,11
DA:37,1
DA:38,1
DA:41,0
DA:51,0
DA:58,2
DA:60,1
DA:71,1
DA:78,1
DA:79,0
DA:82,1
DA:84,1
DA:85,1
DA:86,1
DA:88,1
DA:92,2
DA:94,2
DA:96,2
DA:97,1
DA:98,1
DA:101,1
DA:102,1
DA:104,1
DA:105,0
DA:106,0
DA:109,1
DA:111,1
DA:112,1
DA:113,1
DA:114,0
DA:115,0
DA:118,1
DA:120,1
DA:122,1
DA:123,0
DA:126,0
DA:129,1
DA:135,1
DA:136,1
DA:137,1
DA:138,1
DA:139,1
DA:140,1
DA:142,1
DA:143,1
DA:152,0
DA:159,0
DA:163,6
DA:165,6
DA:166,1
DA:169,5
DA:170,1
DA:173,4
DA:181,0
DA:183,0
DA:184,0
DA:187,0
DA:188,0
DA:191,0
DA:192,0
DA:195,0
DA:199,1
DA:201,1
DA:202,0
DA:205,1
DA:206,0
DA:209,1
DA:210,1
DA:217,0
DA:219,0
DA:220,0
DA:223,0
DA:224,0
DA:227,0
DA:228,0
DA:229,0
DA:233,2
DA:235,2
DA:236,1
DA:239,1
DA:240,0
DA:245,1
DA:246,1
DA:248,1
DA:249,0
DA:250,0
DA:253,1
DA:254,1
DA:260,1
DA:261,1
DA:262,1
DA:264,1
DA:265,1
DA:266,1
DA:268,1
DA:269,1
DA:270,1
DA:274,1
DA:275,1
DA:279,1
DA:280,1
DA:286,1
DA:287,0
DA:289,1
LF:118
LH:85
BRDA:37,0,0,1
BRDA:37,0,1,0
BRDA:62,1,0,1
BRDA:62,1,1,1
BRDA:78,2,0,0
BRDA:78,2,1,1
BRDA:96,3,0,1
BRDA:96,3,1,1
BRDA:101,4,0,1
BRDA:101,4,1,0
BRDA:104,5,0,0
BRDA:104,5,1,1
BRDA:112,6,0,1
BRDA:112,6,1,0
BRDA:113,7,0,0
BRDA:113,7,1,1
BRDA:122,8,0,0
BRDA:122,8,1,1
BRDA:136,9,0,1
BRDA:136,9,1,0
BRDA:165,10,0,1
BRDA:165,10,1,5
BRDA:169,11,0,1
BRDA:169,11,1,4
BRDA:183,12,0,0
BRDA:183,12,1,0
BRDA:187,13,0,0
BRDA:187,13,1,0
BRDA:191,14,0,0
BRDA:191,14,1,0
BRDA:201,15,0,0
BRDA:201,15,1,1
BRDA:205,16,0,0
BRDA:205,16,1,1
BRDA:219,17,0,0
BRDA:219,17,1,0
BRDA:219,18,0,0
BRDA:219,18,1,0
BRDA:223,19,0,0
BRDA:223,19,1,0
BRDA:228,20,0,0
BRDA:228,20,1,0
BRDA:235,21,0,1
BRDA:235,21,1,1
BRDA:239,22,0,0
BRDA:239,22,1,1
BRDA:248,23,0,0
BRDA:248,23,1,1
BRDA:260,24,0,1
BRDA:260,24,1,0
BRDA:261,25,0,1
BRDA:261,25,1,0
BRDA:286,26,0,0
BRDA:286,26,1,1
BRDA:27,27,0,2
BRDA:27,27,1,0
BRDA:27,28,0,2
BRDA:27,28,1,2
BRDA:27,29,0,2
BRDA:27,29,1,0
BRDA:27,30,0,2
BRDA:27,30,1,2
BRDA:29,31,0,2
BRDA:29,31,1,0
BRDA:29,32,0,2
BRDA:29,32,1,2
BRDA:32,33,0,2
BRDA:32,33,1,0
BRDA:32,34,0,2
BRDA:32,34,1,2
BRF:70
BRH:37
end_of_record
TN:
SF:src/modules/music/storage.service.ts
FN:20,(anonymous_11)
FN:22,(anonymous_12)
FN:30,(anonymous_13)
FN:63,(anonymous_14)
FN:68,(anonymous_15)
FN:79,(anonymous_16)
FN:83,(anonymous_17)
FNF:7
FNH:5
FNDA:5,(anonymous_11)
FNDA:2,(anonymous_12)
FNDA:1,(anonymous_13)
FNDA:0,(anonymous_14)
FNDA:1,(anonymous_15)
FNDA:0,(anonymous_16)
FNDA:1,(anonymous_17)
DA:1,5
DA:2,5
DA:3,5
DA:4,5
DA:8,5
DA:9,5
DA:10,5
DA:12,5
DA:20,5
DA:23,2
DA:24,2
DA:25,1
DA:26,1
DA:35,1
DA:37,1
DA:47,1
DA:48,1
DA:49,1
DA:51,1
DA:59,1
DA:60,1
DA:64,0
DA:65,0
DA:72,1
DA:80,0
DA:84,1
LF:26
LH:23
BRDA:10,0,0,5
BRDA:10,0,1,0
BRDA:13,1,0,5
BRDA:13,1,1,5
BRDA:14,2,0,5
BRDA:14,2,1,5
BRDA:16,3,0,5
BRDA:16,3,1,5
BRDA:17,4,0,5
BRDA:17,4,1,5
BRDA:24,5,0,1
BRDA:24,5,1,1
BRDA:55,6,0,1
BRDA:55,6,1,0
BRDA:64,7,0,0
BRDA:64,7,1,0
BRDA:70,8,0,1
BRDA:20,9,0,5
BRDA:20,9,1,0
BRDA:20,10,0,5
BRDA:20,10,1,5
BRF:21
BRH:16
end_of_record
TN:
SF:src/modules/music/suno.service.ts
FN:16,(anonymous_2)
FN:18,(anonymous_3)
FN:25,(anonymous_4)
FN:73,(anonymous_5)
FN:87,(anonymous_6)
FN:101,(anonymous_7)
FN:109,(anonymous_8)
FN:110,(anonymous_9)
FN:118,(anonymous_10)
FN:124,(anonymous_11)
FN:133,(anonymous_12)
FN:154,(anonymous_13)
FN:172,(anonymous_14)
FN:173,(anonymous_15)
FNF:14
FNH:14
FNDA:7,(anonymous_2)
FNDA:7,(anonymous_3)
FNDA:3,(anonymous_4)
FNDA:1,(anonymous_5)
FNDA:1,(anonymous_6)
FNDA:3,(anonymous_7)
FNDA:3,(anonymous_8)
FNDA:3,(anonymous_9)
FNDA:2,(anonymous_10)
FNDA:2,(anonymous_11)
FNDA:3,(anonymous_12)
FNDA:4,(anonymous_13)
FNDA:3,(anonymous_14)
FNDA:3,(anonymous_15)
DA:1,1
DA:2,1
DA:3,1
DA:11,1
DA:12,7
DA:13,7
DA:14,7
DA:16,7
DA:19,7
DA:26,3
DA:28,3
DA:30,3
DA:46,3
DA:48,3
DA:50,3
DA:51,2
DA:53,2
DA:54,1
DA:60,1
DA:69,1
DA:70,1
DA:76,1
DA:83,1
DA:85,1
DA:87,1
DA:98,1
DA:106,3
DA:107,3
DA:109,3
DA:110,3
DA:112,3
DA:113,1
DA:114,1
DA:117,2
DA:118,2
DA:120,2
DA:124,2
DA:125,2
DA:126,1
DA:130,1
DA:134,3
DA:140,3
DA:142,3
DA:155,4
DA:157,4
DA:158,2
DA:161,2
DA:162,1
DA:165,1
DA:166,1
DA:169,0
DA:173,3
LF:52
LH:51
BRDA:28,0,0,3
BRDA:28,0,1,0
BRDA:35,1,0,3
BRDA:35,1,1,2
BRDA:36,2,0,3
BRDA:36,2,1,2
BRDA:37,3,0,3
BRDA:37,3,1,3
BRDA:38,4,0,3
BRDA:38,4,1,2
BRDA:48,5,0,3
BRDA:48,5,1,2
BRDA:50,6,0,2
BRDA:50,6,1,1
BRDA:53,7,0,1
BRDA:53,7,1,1
BRDA:64,8,0,1
BRDA:64,8,1,0
BRDA:83,9,0,1
BRDA:83,9,1,0
BRDA:85,10,0,1
BRDA:85,10,1,0
BRDA:85,10,2,0
BRDA:89,11,0,1
BRDA:89,11,1,0
BRDA:90,12,0,1
BRDA:90,12,1,0
BRDA:90,12,2,0
BRDA:91,13,0,1
BRDA:91,13,1,1
BRDA:92,14,0,1
BRDA:92,14,1,1
BRDA:103,15,0,0
BRDA:104,16,0,0
BRDA:112,17,0,1
BRDA:112,17,1,2
BRDA:118,18,0,2
BRDA:118,18,1,2
BRDA:125,19,0,1
BRDA:125,19,1,1
BRDA:140,20,0,3
BRDA:140,20,1,0
BRDA:143,21,0,3
BRDA:143,21,1,0
BRDA:144,22,0,3
BRDA:144,22,1,3
BRDA:145,23,0,3
BRDA:145,23,1,2
BRDA:145,23,2,2
BRDA:146,24,0,3
BRDA:146,24,1,3
BRDA:147,25,0,3
BRDA:147,25,1,3
BRDA:157,26,0,2
BRDA:157,26,1,2
BRDA:161,27,0,1
BRDA:161,27,1,1
BRDA:165,28,0,1
BRDA:165,28,1,0
BRDA:16,29,0,1
BRDA:16,29,1,0
BRDA:16,30,0,1
BRDA:16,30,1,1
BRF:63
BRH:49
end_of_record
TN:
SF:src/modules/music/providers/music-provider.interface.ts
FNF:0
FNH:0
DA:26,2
LF:1
LH:1
BRF:0
BRH:0
end_of_record
TN:
SF:src/modules/playlist/playlist.controller.ts
FN:38,(anonymous_4)
FN:42,(anonymous_5)
FN:50,(anonymous_6)
FN:64,(anonymous_7)
FN:71,(anonymous_8)
FN:79,(anonymous_9)
FN:84,(anonymous_10)
FN:94,(anonymous_11)
FN:99,(anonymous_12)
FN:109,(anonymous_13)
FN:119,(anonymous_14)
FN:132,(anonymous_15)
FN:142,(anonymous_16)
FNF:13
FNH:10
FNDA:3,(anonymous_4)
FNDA:1,(anonymous_5)
FNDA:1,(anonymous_6)
FNDA:1,(anonymous_7)
FNDA:1,(anonymous_8)
FNDA:0,(anonymous_9)
FNDA:0,(anonymous_10)
FNDA:0,(anonymous_11)
FNDA:1,(anonymous_12)
FNDA:1,(anonymous_13)
FNDA:1,(anonymous_14)
FNDA:1,(anonymous_15)
FNDA:1,(anonymous_16)
DA:1,1
DA:15,1
DA:22,1
DA:23,1
DA:24,1
DA:25,1
DA:26,1
DA:27,1
DA:28,1
DA:29,1
DA:37,1
DA:38,3
DA:42,1
DA:43,1
DA:50,1
DA:55,1
DA:64,1
DA:65,1
DA:71,1
DA:75,1
DA:79,1
DA:80,0
DA:84,1
DA:89,0
DA:94,1
DA:95,0
DA:99,1
DA:104,1
DA:109,1
DA:114,1
DA:119,1
DA:124,1
DA:132,1
DA:137,1
DA:142,1
DA:147,1
LF:36
LH:33
BRDA:52,0,0,0
BRDA:53,1,0,0
BRDA:42,2,0,1
BRDA:42,2,1,0
BRDA:42,3,0,1
BRDA:42,3,1,1
BRDA:42,4,0,0
BRDA:42,4,1,1
BRDA:42,5,0,1
BRDA:42,5,1,0
BRDA:51,6,0,0
BRDA:51,6,1,1
BRDA:51,7,0,1
BRDA:51,7,1,0
BRDA:54,8,0,1
BRDA:54,8,1,0
BRDA:54,9,0,1
BRDA:54,9,1,1
BRDA:64,10,0,0
BRDA:64,10,1,1
BRDA:64,11,0,1
BRDA:64,11,1,0
BRDA:64,12,0,1
BRDA:64,12,1,0
BRDA:64,13,0,1
BRDA:64,13,1,1
BRDA:73,14,0,0
BRDA:73,14,1,1
BRDA:73,15,0,1
BRDA:73,15,1,0
BRDA:74,16,0,1
BRDA:74,16,1,0
BRDA:74,17,0,1
BRDA:74,17,1,1
BRDA:79,18,0,0
BRDA:79,18,1,1
BRDA:79,19,0,1
BRDA:79,19,1,0
BRDA:86,20,0,1
BRDA:86,20,1,0
BRDA:86,21,0,1
BRDA:86,21,1,1
BRDA:86,22,0,0
BRDA:86,22,1,1
BRDA:86,23,0,1
BRDA:86,23,1,0
BRDA:94,24,0,0
BRDA:94,24,1,1
BRDA:94,25,0,1
BRDA:94,25,1,0
BRDA:102,26,0,0
BRDA:102,26,1,1
BRDA:102,27,0,1
BRDA:102,27,1,0
BRDA:112,28,0,0
BRDA:112,28,1,1
BRDA:112,29,0,1
BRDA:112,29,1,0
BRDA:121,30,0,1
BRDA:121,30,1,0
BRDA:121,31,0,1
BRDA:121,31,1,1
BRDA:121,32,0,0
BRDA:121,32,1,1
BRDA:121,33,0,1
BRDA:121,33,1,0
BRDA:123,34,0,1
BRDA:123,34,1,0
BRDA:123,35,0,1
BRDA:123,35,1,1
BRDA:135,36,0,0
BRDA:135,36,1,1
BRDA:135,37,0,1
BRDA:135,37,1,0
BRDA:145,38,0,0
BRDA:145,38,1,1
BRDA:145,39,0,1
BRDA:145,39,1,0
BRDA:38,40,0,1
BRDA:38,40,1,0
BRDA:38,41,0,1
BRDA:38,41,1,1
BRF:82
BRH:48
end_of_record
TN:
SF:src/modules/playlist/playlist.service.ts
FN:18,(anonymous_4)
FN:28,(anonymous_5)
FN:49,(anonymous_6)
FN:60,(anonymous_7)
FN:63,(anonymous_8)
FN:73,(anonymous_9)
FN:84,(anonymous_10)
FN:104,(anonymous_11)
FN:115,(anonymous_12)
FN:124,(anonymous_13)
FN:146,(anonymous_14)
FN:160,(anonymous_15)
FN:177,(anonymous_16)
FN:187,(anonymous_17)
FN:200,(anonymous_18)
FN:205,(anonymous_19)
FN:223,(anonymous_20)
FN:249,(anonymous_21)
FN:274,(anonymous_22)
FN:284,(anonymous_23)
FN:295,(anonymous_24)
FNF:21
FNH:12
FNDA:15,(anonymous_4)
FNDA:3,(anonymous_5)
FNDA:2,(anonymous_6)
FNDA:1,(anonymous_7)
FNDA:1,(anonymous_8)
FNDA:1,(anonymous_9)
FNDA:0,(anonymous_10)
FNDA:12,(anonymous_11)
FNDA:4,(anonymous_12)
FNDA:0,(anonymous_13)
FNDA:1,(anonymous_14)
FNDA:3,(anonymous_15)
FNDA:0,(anonymous_16)
FNDA:0,(anonymous_17)
FNDA:0,(anonymous_18)
FNDA:3,(anonymous_19)
FNDA:0,(anonymous_20)
FNDA:1,(anonymous_21)
FNDA:0,(anonymous_22)
FNDA:0,(anonymous_23)
FNDA:0,(anonymous_24)
DA:1,2
DA:7,2
DA:8,2
DA:9,2
DA:10,2
DA:11,2
DA:12,2
DA:17,2
DA:20,15
DA:22,15
DA:24,15
DA:25,15
DA:29,3
DA:34,3
DA:35,2
DA:38,1
DA:53,2
DA:54,2
DA:56,2
DA:57,0
DA:60,2
DA:62,2
DA:63,1
DA:64,1
DA:65,1
DA:68,1
DA:69,1
DA:70,1
DA:74,1
DA:81,1
DA:89,0
DA:101,0
DA:105,12
DA:110,12
DA:111,1
DA:114,11
DA:115,11
DA:117,11
DA:118,1
DA:121,10
DA:129,0
DA:131,0
DA:132,0
DA:135,0
DA:136,0
DA:139,0
DA:140,0
DA:143,0
DA:147,1
DA:149,1
DA:150,0
DA:153,1
DA:154,1
DA:157,0
DA:165,3
DA:167,3
DA:168,1
DA:171,2
DA:173,2
DA:174,1
DA:177,1
DA:179,1
DA:180,1
DA:181,1
DA:184,1
DA:192,0
DA:194,0
DA:195,0
DA:200,0
DA:202,0
DA:210,3
DA:212,3
DA:213,1
DA:216,2
DA:217,0
DA:220,2
DA:221,2
DA:223,0
DA:225,0
DA:228,2
DA:230,2
DA:231,0
DA:234,2
DA:236,2
DA:237,1
DA:242,1
DA:245,1
DA:246,1
DA:254,1
DA:256,1
DA:257,0
DA:260,1
DA:262,1
DA:263,0
DA:266,1
DA:268,1
DA:269,1
DA:274,0
DA:276,0
DA:277,0
DA:278,0
DA:281,0
DA:289,0
DA:291,0
DA:292,0
DA:295,0
DA:297,0
LF:107
LH:73
BRDA:34,0,0,2
BRDA:34,0,1,1
BRDA:56,1,0,0
BRDA:56,1,1,2
BRDA:62,2,0,1
BRDA:62,2,1,1
BRDA:110,3,0,1
BRDA:110,3,1,11
BRDA:117,4,0,1
BRDA:117,4,1,10
BRDA:117,5,0,11
BRDA:117,5,1,4
BRDA:131,6,0,0
BRDA:131,6,1,0
BRDA:135,7,0,0
BRDA:135,7,1,0
BRDA:139,8,0,0
BRDA:139,8,1,0
BRDA:149,9,0,0
BRDA:149,9,1,1
BRDA:153,10,0,1
BRDA:153,10,1,0
BRDA:167,11,0,1
BRDA:167,11,1,2
BRDA:173,12,0,1
BRDA:173,12,1,1
BRDA:179,13,0,1
BRDA:179,13,1,0
BRDA:194,14,0,0
BRDA:194,14,1,0
BRDA:212,15,0,1
BRDA:212,15,1,2
BRDA:216,16,0,0
BRDA:216,16,1,2
BRDA:221,17,0,0
BRDA:221,17,1,2
BRDA:222,18,0,2
BRDA:222,18,1,2
BRDA:230,19,0,0
BRDA:230,19,1,2
BRDA:236,20,0,1
BRDA:236,20,1,1
BRDA:256,21,0,0
BRDA:256,21,1,1
BRDA:262,22,0,0
BRDA:262,22,1,1
BRDA:268,23,0,1
BRDA:268,23,1,0
BRDA:276,24,0,0
BRDA:276,24,1,0
BRDA:291,25,0,0
BRDA:291,25,1,0
BRDA:20,26,0,2
BRDA:20,26,1,0
BRDA:20,27,0,2
BRDA:20,27,1,2
BRDA:20,28,0,2
BRDA:20,28,1,0
BRDA:20,29,0,2
BRDA:20,29,1,2
BRDA:22,30,0,2
BRDA:22,30,1,0
BRDA:22,31,0,2
BRDA:22,31,1,2
BRDA:24,32,0,2
BRDA:24,32,1,0
BRDA:24,33,0,2
BRDA:24,33,1,2
BRF:68
BRH:42
end_of_record
